[ 2016-08-22T21:55:56+08:00 ] 182.18.73.140 /blog/
INFO: [ app_init ] --START--
INFO: Run Behavior\BuildLiteBehavior [ RunTime:0.000009s ]
INFO: [ app_init ] --END-- [ RunTime:0.009391s ]
INFO: [ app_begin ] --START--
INFO: Run Behavior\ReadHtmlCacheBehavior [ RunTime:0.009832s ]
INFO: [ app_begin ] --END-- [ RunTime:0.009860s ]
SQL: SHOW COLUMNS FROM `category` [ RunTime:0.0186s ]
SQL: SELECT * FROM `category` ORDER BY ctime desc  [ RunTime:0.0006s ]
SQL: SHOW COLUMNS FROM `article` [ RunTime:0.0085s ]
SQL: SELECT DISTINCT FROM_UNIXTIME(atime,'%m') as month,`aid` FROM `article` ORDER BY atime desc  [ RunTime:0.0007s ]
SQL: SELECT * FROM `article` ORDER BY atime desc LIMIT 0,10   [ RunTime:0.0006s ]
SQL: SELECT * FROM `article` ORDER BY atime desc LIMIT 0,10   [ RunTime:0.0007s ]
SQL: SELECT COUNT(*) AS tp_count FROM `article` LIMIT 1   [ RunTime:0.0004s ]
SQL: SELECT `name`,`aid`,`atitle`,`cname`,`cid`,`acontent`,count(zid) as zancount,`atime`,`acid` FROM `article` left join zan on aid = zaid left join user on id = auid left join category  on cid =acid  GROUP BY aid ORDER BY atime desc LIMIT 0,5   [ RunTime:0.0193s ]
SQL: SELECT * FROM `category`  [ RunTime:0.0006s ]
INFO: [ view_parse ] --START--
INFO: [ template_filter ] --START--
INFO: Run Behavior\ContentReplaceBehavior [ RunTime:0.000053s ]
INFO: [ template_filter ] --END-- [ RunTime:0.000078s ]
INFO: Run Behavior\ParseTemplateBehavior [ RunTime:0.193659s ]
INFO: [ view_parse ] --END-- [ RunTime:0.193693s ]
INFO: [ view_filter ] --START--
INFO: Run Behavior\WriteHtmlCacheBehavior [ RunTime:0.003506s ]
INFO: [ view_filter ] --END-- [ RunTime:0.003518s ]
INFO: [ app_end ] --START--
INFO: Run Behavior\ShowPageTraceBehavior [ RunTime:0.002259s ]
INFO: [ app_end ] --END-- [ RunTime:0.002272s ]

[ 2016-08-22T21:56:44+08:00 ] 182.18.73.140 /blog/index.php/Home/Index/article/aid/1.html
INFO: [ app_init ] --START--
INFO: Run Behavior\BuildLiteBehavior [ RunTime:0.000006s ]
INFO: [ app_init ] --END-- [ RunTime:0.000159s ]
INFO: [ app_begin ] --START--
INFO: Run Behavior\ReadHtmlCacheBehavior [ RunTime:0.000206s ]
INFO: [ app_begin ] --END-- [ RunTime:0.000222s ]
SQL: SHOW COLUMNS FROM `category` [ RunTime:0.0005s ]
SQL: SELECT * FROM `category` ORDER BY ctime desc  [ RunTime:0.0002s ]
SQL: SHOW COLUMNS FROM `article` [ RunTime:0.0009s ]
SQL: SELECT DISTINCT FROM_UNIXTIME(atime,'%m') as month,`aid` FROM `article` ORDER BY atime desc  [ RunTime:0.0002s ]
SQL: SELECT * FROM `article` ORDER BY atime desc LIMIT 0,10   [ RunTime:0.0009s ]
SQL: SELECT * FROM `category`  [ RunTime:0.0002s ]
SQL: SELECT `aid`,`atitle`,`acontent`,`acid`,`cname`,`atime`,`aorder`,`name` FROM `article` left join category ON category.cid = article.acid left join user ON user.id = article.auid  WHERE ( aid=1 ) LIMIT 1   [ RunTime:0.0012s ]
SQL: SHOW COLUMNS FROM `reply` [ RunTime:0.0103s ]
SQL: SELECT COUNT(*) AS tp_count FROM `reply` WHERE ( rstatus=1 and raid=1 ) LIMIT 1   [ RunTime:0.0005s ]
SQL: SELECT * FROM `reply` WHERE ( rstatus=1 and raid=1 ) ORDER BY rtime desc LIMIT 0,5   [ RunTime:0.0003s ]
SQL: SHOW COLUMNS FROM `zan` [ RunTime:0.0003s ]
SQL: SELECT COUNT(*) AS tp_count FROM `zan` inner join article on article.aid = zan.zaid  WHERE ( aid=1 ) LIMIT 1   [ RunTime:0.0003s ]
INFO: [ view_parse ] --START--
INFO: [ template_filter ] --START--
INFO: Run Behavior\ContentReplaceBehavior [ RunTime:0.000043s ]
INFO: [ template_filter ] --END-- [ RunTime:0.000066s ]
INFO: Run Behavior\ParseTemplateBehavior [ RunTime:0.043646s ]
INFO: [ view_parse ] --END-- [ RunTime:0.043673s ]
INFO: [ view_filter ] --START--
INFO: Run Behavior\WriteHtmlCacheBehavior [ RunTime:0.000104s ]
INFO: [ view_filter ] --END-- [ RunTime:0.000115s ]
INFO: [ app_end ] --START--
INFO: Run Behavior\ShowPageTraceBehavior [ RunTime:0.000252s ]
INFO: [ app_end ] --END-- [ RunTime:0.000266s ]

[ 2016-08-22T21:56:51+08:00 ] 182.18.73.140 /blog/index.php/Home/Index/zan.html?aid=1
INFO: [ app_init ] --START--
INFO: Run Behavior\BuildLiteBehavior [ RunTime:0.000004s ]
INFO: [ app_init ] --END-- [ RunTime:0.000140s ]
INFO: [ app_begin ] --START--
INFO: Run Behavior\ReadHtmlCacheBehavior [ RunTime:0.000196s ]
INFO: [ app_begin ] --END-- [ RunTime:0.000210s ]
SQL: SHOW COLUMNS FROM `category` [ RunTime:0.0005s ]
SQL: SELECT * FROM `category` ORDER BY ctime desc  [ RunTime:0.0002s ]
SQL: SHOW COLUMNS FROM `article` [ RunTime:0.0004s ]
SQL: SELECT DISTINCT FROM_UNIXTIME(atime,'%m') as month,`aid` FROM `article` ORDER BY atime desc  [ RunTime:0.0002s ]
SQL: SELECT * FROM `article` ORDER BY atime desc LIMIT 0,10   [ RunTime:0.0005s ]
SQL: SHOW COLUMNS FROM `zan` [ RunTime:0.0003s ]
SQL: INSERT INTO `zan` (`zip`,`zaid`) VALUES ('182.18.73.140','1') [ RunTime:0.0003s ]
INFO: [ app_end ] --START--
INFO: Run Behavior\ShowPageTraceBehavior [ RunTime:0.000273s ]
INFO: [ app_end ] --END-- [ RunTime:0.000289s ]

