[ 2016-08-19T23:53:25+08:00 ] 182.18.73.136 /
INFO: [ app_init ] --START--
INFO: Run Behavior\BuildLiteBehavior [ RunTime:0.000006s ]
INFO: [ app_init ] --END-- [ RunTime:0.000151s ]
INFO: [ app_begin ] --START--
INFO: Run Behavior\ReadHtmlCacheBehavior [ RunTime:0.000248s ]
INFO: [ app_begin ] --END-- [ RunTime:0.000274s ]
SQL: SHOW COLUMNS FROM `category` [ RunTime:0.0008s ]
SQL: SELECT * FROM `category` ORDER BY ctime desc  [ RunTime:0.0004s ]
SQL: SHOW COLUMNS FROM `article` [ RunTime:0.0007s ]
SQL: SELECT DISTINCT FROM_UNIXTIME(atime,'%m') as month,`aid` FROM `article` ORDER BY atime desc  [ RunTime:0.0004s ]
SQL: SELECT * FROM `article` ORDER BY atime desc LIMIT 0,10   [ RunTime:0.0003s ]
SQL: SELECT * FROM `article` ORDER BY atime desc LIMIT 0,10   [ RunTime:0.0002s ]
SQL: SELECT COUNT(*) AS tp_count FROM `article` LIMIT 1   [ RunTime:0.0002s ]
SQL: SELECT `name`,`aid`,`atitle`,`cname`,`cid`,`acontent`,count(zid) as zancount,`atime`,`acid` FROM `article` left join zan on aid = zaid left join user on id = auid left join category  on cid =acid  GROUP BY aid ORDER BY atime desc LIMIT 0,5   [ RunTime:0.0004s ]
SQL: SELECT * FROM `category`  [ RunTime:0.0003s ]
INFO: [ view_parse ] --START--
INFO: [ template_filter ] --START--
INFO: Run Behavior\ContentReplaceBehavior [ RunTime:0.000032s ]
INFO: [ template_filter ] --END-- [ RunTime:0.000049s ]
INFO: Run Behavior\ParseTemplateBehavior [ RunTime:0.003796s ]
INFO: [ view_parse ] --END-- [ RunTime:0.003812s ]
INFO: [ view_filter ] --START--
INFO: Run Behavior\WriteHtmlCacheBehavior [ RunTime:0.000088s ]
INFO: [ view_filter ] --END-- [ RunTime:0.000099s ]
INFO: [ app_end ] --START--
INFO: Run Behavior\ShowPageTraceBehavior [ RunTime:0.000232s ]
INFO: [ app_end ] --END-- [ RunTime:0.000244s ]

[ 2016-08-19T23:53:29+08:00 ] 182.18.73.136 /
INFO: [ app_init ] --START--
INFO: Run Behavior\BuildLiteBehavior [ RunTime:0.000007s ]
INFO: [ app_init ] --END-- [ RunTime:0.000168s ]
INFO: [ app_begin ] --START--
INFO: Run Behavior\ReadHtmlCacheBehavior [ RunTime:0.000207s ]
INFO: [ app_begin ] --END-- [ RunTime:0.000224s ]
SQL: SHOW COLUMNS FROM `category` [ RunTime:0.0005s ]
SQL: SELECT * FROM `category` ORDER BY ctime desc  [ RunTime:0.0002s ]
SQL: SHOW COLUMNS FROM `article` [ RunTime:0.0004s ]
SQL: SELECT DISTINCT FROM_UNIXTIME(atime,'%m') as month,`aid` FROM `article` ORDER BY atime desc  [ RunTime:0.0002s ]
SQL: SELECT * FROM `article` ORDER BY atime desc LIMIT 0,10   [ RunTime:0.0002s ]
SQL: SELECT * FROM `article` ORDER BY atime desc LIMIT 0,10   [ RunTime:0.0002s ]
SQL: SELECT COUNT(*) AS tp_count FROM `article` LIMIT 1   [ RunTime:0.0002s ]
SQL: SELECT `name`,`aid`,`atitle`,`cname`,`cid`,`acontent`,count(zid) as zancount,`atime`,`acid` FROM `article` left join zan on aid = zaid left join user on id = auid left join category  on cid =acid  GROUP BY aid ORDER BY atime desc LIMIT 0,5   [ RunTime:0.0004s ]
SQL: SELECT * FROM `category`  [ RunTime:0.0003s ]
INFO: [ view_parse ] --START--
INFO: [ template_filter ] --START--
INFO: Run Behavior\ContentReplaceBehavior [ RunTime:0.000039s ]
INFO: [ template_filter ] --END-- [ RunTime:0.000057s ]
INFO: Run Behavior\ParseTemplateBehavior [ RunTime:0.004259s ]
INFO: [ view_parse ] --END-- [ RunTime:0.004278s ]
INFO: [ view_filter ] --START--
INFO: Run Behavior\WriteHtmlCacheBehavior [ RunTime:0.000113s ]
INFO: [ view_filter ] --END-- [ RunTime:0.000125s ]
INFO: [ app_end ] --START--
INFO: Run Behavior\ShowPageTraceBehavior [ RunTime:0.000235s ]
INFO: [ app_end ] --END-- [ RunTime:0.000247s ]

[ 2016-08-19T23:53:53+08:00 ] 182.18.73.136 /
INFO: [ app_init ] --START--
INFO: Run Behavior\BuildLiteBehavior [ RunTime:0.000005s ]
INFO: [ app_init ] --END-- [ RunTime:0.000141s ]
INFO: [ app_begin ] --START--
INFO: Run Behavior\ReadHtmlCacheBehavior [ RunTime:0.000192s ]
INFO: [ app_begin ] --END-- [ RunTime:0.000208s ]
SQL: SHOW COLUMNS FROM `category` [ RunTime:0.0005s ]
SQL: SELECT * FROM `category` ORDER BY ctime desc  [ RunTime:0.0002s ]
SQL: SHOW COLUMNS FROM `article` [ RunTime:0.0003s ]
SQL: SELECT DISTINCT FROM_UNIXTIME(atime,'%m') as month,`aid` FROM `article` ORDER BY atime desc  [ RunTime:0.0002s ]
SQL: SELECT * FROM `article` ORDER BY atime desc LIMIT 0,10   [ RunTime:0.0002s ]
SQL: SELECT * FROM `article` ORDER BY atime desc LIMIT 0,10   [ RunTime:0.0002s ]
SQL: SELECT COUNT(*) AS tp_count FROM `article` LIMIT 1   [ RunTime:0.0002s ]
SQL: SELECT `name`,`aid`,`atitle`,`cname`,`cid`,`acontent`,count(zid) as zancount,`atime`,`acid` FROM `article` left join zan on aid = zaid left join user on id = auid left join category  on cid =acid  GROUP BY aid ORDER BY atime desc LIMIT 0,5   [ RunTime:0.0002s ]
SQL: SELECT * FROM `category`  [ RunTime:0.0002s ]
INFO: [ view_parse ] --START--
INFO: [ template_filter ] --START--
INFO: Run Behavior\ContentReplaceBehavior [ RunTime:0.000034s ]
INFO: [ template_filter ] --END-- [ RunTime:0.000052s ]
INFO: Run Behavior\ParseTemplateBehavior [ RunTime:0.003667s ]
INFO: [ view_parse ] --END-- [ RunTime:0.003681s ]
INFO: [ view_filter ] --START--
INFO: Run Behavior\WriteHtmlCacheBehavior [ RunTime:0.000087s ]
INFO: [ view_filter ] --END-- [ RunTime:0.000098s ]
INFO: [ app_end ] --START--
INFO: Run Behavior\ShowPageTraceBehavior [ RunTime:0.000221s ]
INFO: [ app_end ] --END-- [ RunTime:0.000232s ]

[ 2016-08-19T23:54:53+08:00 ] 182.18.73.136 /index.php/Home/Index
INFO: [ app_init ] --START--
INFO: Run Behavior\BuildLiteBehavior [ RunTime:0.000006s ]
INFO: [ app_init ] --END-- [ RunTime:0.000155s ]
INFO: [ app_begin ] --START--
INFO: Run Behavior\ReadHtmlCacheBehavior [ RunTime:0.000205s ]
INFO: [ app_begin ] --END-- [ RunTime:0.000222s ]
SQL: SHOW COLUMNS FROM `category` [ RunTime:0.0011s ]
SQL: SELECT * FROM `category` ORDER BY ctime desc  [ RunTime:0.0003s ]
SQL: SHOW COLUMNS FROM `article` [ RunTime:0.0009s ]
SQL: SELECT DISTINCT FROM_UNIXTIME(atime,'%m') as month,`aid` FROM `article` ORDER BY atime desc  [ RunTime:0.0009s ]
SQL: SELECT * FROM `article` ORDER BY atime desc LIMIT 0,10   [ RunTime:0.0007s ]
SQL: SELECT * FROM `article` ORDER BY atime desc LIMIT 0,10   [ RunTime:0.0003s ]
SQL: SELECT COUNT(*) AS tp_count FROM `article` LIMIT 1   [ RunTime:0.0003s ]
SQL: SELECT `name`,`aid`,`atitle`,`cname`,`cid`,`acontent`,count(zid) as zancount,`atime`,`acid` FROM `article` left join zan on aid = zaid left join user on id = auid left join category  on cid =acid  GROUP BY aid ORDER BY atime desc LIMIT 0,5   [ RunTime:0.0008s ]
SQL: SELECT * FROM `category`  [ RunTime:0.0003s ]
INFO: [ view_parse ] --START--
INFO: [ template_filter ] --START--
INFO: Run Behavior\ContentReplaceBehavior [ RunTime:0.000034s ]
INFO: [ template_filter ] --END-- [ RunTime:0.000054s ]
INFO: Run Behavior\ParseTemplateBehavior [ RunTime:0.003984s ]
INFO: [ view_parse ] --END-- [ RunTime:0.004006s ]
INFO: [ view_filter ] --START--
INFO: Run Behavior\WriteHtmlCacheBehavior [ RunTime:0.000094s ]
INFO: [ view_filter ] --END-- [ RunTime:0.000105s ]
INFO: [ app_end ] --START--
INFO: Run Behavior\ShowPageTraceBehavior [ RunTime:0.000240s ]
INFO: [ app_end ] --END-- [ RunTime:0.000254s ]

[ 2016-08-19T23:54:53+08:00 ] 182.18.73.136 /
INFO: [ app_init ] --START--
INFO: Run Behavior\BuildLiteBehavior [ RunTime:0.000006s ]
INFO: [ app_init ] --END-- [ RunTime:0.000151s ]
INFO: [ app_begin ] --START--
INFO: Run Behavior\ReadHtmlCacheBehavior [ RunTime:0.000208s ]
INFO: [ app_begin ] --END-- [ RunTime:0.000225s ]
SQL: SHOW COLUMNS FROM `category` [ RunTime:0.0011s ]
SQL: SELECT * FROM `category` ORDER BY ctime desc  [ RunTime:0.0003s ]
SQL: SHOW COLUMNS FROM `article` [ RunTime:0.0010s ]
SQL: SELECT DISTINCT FROM_UNIXTIME(atime,'%m') as month,`aid` FROM `article` ORDER BY atime desc  [ RunTime:0.0003s ]
SQL: SELECT * FROM `article` ORDER BY atime desc LIMIT 0,10   [ RunTime:0.0003s ]
SQL: SELECT * FROM `article` ORDER BY atime desc LIMIT 0,10   [ RunTime:0.0003s ]
SQL: SELECT COUNT(*) AS tp_count FROM `article` LIMIT 1   [ RunTime:0.0002s ]
SQL: SELECT `name`,`aid`,`atitle`,`cname`,`cid`,`acontent`,count(zid) as zancount,`atime`,`acid` FROM `article` left join zan on aid = zaid left join user on id = auid left join category  on cid =acid  GROUP BY aid ORDER BY atime desc LIMIT 0,5   [ RunTime:0.0004s ]
SQL: SELECT * FROM `category`  [ RunTime:0.0003s ]
INFO: [ view_parse ] --START--
INFO: [ template_filter ] --START--
INFO: Run Behavior\ContentReplaceBehavior [ RunTime:0.000033s ]
INFO: [ template_filter ] --END-- [ RunTime:0.000049s ]
INFO: Run Behavior\ParseTemplateBehavior [ RunTime:0.003913s ]
INFO: [ view_parse ] --END-- [ RunTime:0.003930s ]
INFO: [ view_filter ] --START--
INFO: Run Behavior\WriteHtmlCacheBehavior [ RunTime:0.000092s ]
INFO: [ view_filter ] --END-- [ RunTime:0.000103s ]
INFO: [ app_end ] --START--
INFO: Run Behavior\ShowPageTraceBehavior [ RunTime:0.000232s ]
INFO: [ app_end ] --END-- [ RunTime:0.000245s ]

[ 2016-08-19T23:55:07+08:00 ] 182.18.73.136 /index.php/Home/Index/article/aid/1.html
INFO: [ app_init ] --START--
INFO: Run Behavior\BuildLiteBehavior [ RunTime:0.000006s ]
INFO: [ app_init ] --END-- [ RunTime:0.000158s ]
INFO: [ app_begin ] --START--
INFO: Run Behavior\ReadHtmlCacheBehavior [ RunTime:0.000200s ]
INFO: [ app_begin ] --END-- [ RunTime:0.000217s ]
SQL: SHOW COLUMNS FROM `category` [ RunTime:0.0021s ]
SQL: SELECT * FROM `category` ORDER BY ctime desc  [ RunTime:0.0002s ]
SQL: SHOW COLUMNS FROM `article` [ RunTime:0.0004s ]
SQL: SELECT DISTINCT FROM_UNIXTIME(atime,'%m') as month,`aid` FROM `article` ORDER BY atime desc  [ RunTime:0.0002s ]
SQL: SELECT * FROM `article` ORDER BY atime desc LIMIT 0,10   [ RunTime:0.0003s ]
SQL: SELECT * FROM `category`  [ RunTime:0.0002s ]
SQL: SELECT `aid`,`atitle`,`acontent`,`acid`,`cname`,`atime`,`aorder`,`name` FROM `article` left join category ON category.cid = article.acid left join user ON user.id = article.auid  WHERE ( aid=1 ) LIMIT 1   [ RunTime:0.0113s ]
SQL: SHOW COLUMNS FROM `reply` [ RunTime:0.0007s ]
SQL: SELECT COUNT(*) AS tp_count FROM `reply` WHERE ( rstatus=1 and raid=1 ) LIMIT 1   [ RunTime:0.0006s ]
SQL: SELECT * FROM `reply` WHERE ( rstatus=1 and raid=1 ) ORDER BY rtime desc LIMIT 0,5   [ RunTime:0.0011s ]
SQL: SHOW COLUMNS FROM `zan` [ RunTime:0.0006s ]
SQL: SELECT COUNT(*) AS tp_count FROM `zan` inner join article on article.aid = zan.zaid  WHERE ( aid=1 ) LIMIT 1   [ RunTime:0.0003s ]
INFO: [ view_parse ] --START--
INFO: [ template_filter ] --START--
INFO: Run Behavior\ContentReplaceBehavior [ RunTime:0.000044s ]
INFO: [ template_filter ] --END-- [ RunTime:0.000064s ]
INFO: Run Behavior\ParseTemplateBehavior [ RunTime:0.004257s ]
INFO: [ view_parse ] --END-- [ RunTime:0.004273s ]
INFO: [ view_filter ] --START--
INFO: Run Behavior\WriteHtmlCacheBehavior [ RunTime:0.000114s ]
INFO: [ view_filter ] --END-- [ RunTime:0.000125s ]
INFO: [ app_end ] --START--
INFO: Run Behavior\ShowPageTraceBehavior [ RunTime:0.000255s ]
INFO: [ app_end ] --END-- [ RunTime:0.000268s ]

[ 2016-08-19T23:55:29+08:00 ] 182.18.73.136 /
INFO: [ app_init ] --START--
INFO: Run Behavior\BuildLiteBehavior [ RunTime:0.000009s ]
INFO: [ app_init ] --END-- [ RunTime:0.000374s ]
INFO: [ app_begin ] --START--
INFO: Run Behavior\ReadHtmlCacheBehavior [ RunTime:0.000328s ]
INFO: [ app_begin ] --END-- [ RunTime:0.000353s ]
SQL: SHOW COLUMNS FROM `category` [ RunTime:0.0013s ]
SQL: SELECT * FROM `category` ORDER BY ctime desc  [ RunTime:0.0003s ]
SQL: SHOW COLUMNS FROM `article` [ RunTime:0.0012s ]
SQL: SELECT DISTINCT FROM_UNIXTIME(atime,'%m') as month,`aid` FROM `article` ORDER BY atime desc  [ RunTime:0.0005s ]
SQL: SELECT * FROM `article` ORDER BY atime desc LIMIT 0,10   [ RunTime:0.0004s ]
SQL: SELECT * FROM `article` ORDER BY atime desc LIMIT 0,10   [ RunTime:0.0003s ]
SQL: SELECT COUNT(*) AS tp_count FROM `article` LIMIT 1   [ RunTime:0.0002s ]
SQL: SELECT `name`,`aid`,`atitle`,`cname`,`cid`,`acontent`,count(zid) as zancount,`atime`,`acid` FROM `article` left join zan on aid = zaid left join user on id = auid left join category  on cid =acid  GROUP BY aid ORDER BY atime desc LIMIT 0,5   [ RunTime:0.0003s ]
SQL: SELECT * FROM `category`  [ RunTime:0.0003s ]
INFO: [ view_parse ] --START--
INFO: [ template_filter ] --START--
INFO: Run Behavior\ContentReplaceBehavior [ RunTime:0.000043s ]
INFO: [ template_filter ] --END-- [ RunTime:0.000074s ]
INFO: Run Behavior\ParseTemplateBehavior [ RunTime:0.006177s ]
INFO: [ view_parse ] --END-- [ RunTime:0.006198s ]
INFO: [ view_filter ] --START--
INFO: Run Behavior\WriteHtmlCacheBehavior [ RunTime:0.000136s ]
INFO: [ view_filter ] --END-- [ RunTime:0.000152s ]
INFO: [ app_end ] --START--
INFO: Run Behavior\ShowPageTraceBehavior [ RunTime:0.000337s ]
INFO: [ app_end ] --END-- [ RunTime:0.000355s ]

[ 2016-08-19T23:57:13+08:00 ] 182.18.73.136 /index.php/Home/Index/article/aid/1.html
INFO: [ app_init ] --START--
INFO: Run Behavior\BuildLiteBehavior [ RunTime:0.000006s ]
INFO: [ app_init ] --END-- [ RunTime:0.000153s ]
INFO: [ app_begin ] --START--
INFO: Run Behavior\ReadHtmlCacheBehavior [ RunTime:0.000200s ]
INFO: [ app_begin ] --END-- [ RunTime:0.000216s ]
SQL: SHOW COLUMNS FROM `category` [ RunTime:0.0012s ]
SQL: SELECT * FROM `category` ORDER BY ctime desc  [ RunTime:0.0003s ]
SQL: SHOW COLUMNS FROM `article` [ RunTime:0.0010s ]
SQL: SELECT DISTINCT FROM_UNIXTIME(atime,'%m') as month,`aid` FROM `article` ORDER BY atime desc  [ RunTime:0.0006s ]
SQL: SELECT * FROM `article` ORDER BY atime desc LIMIT 0,10   [ RunTime:0.0006s ]
SQL: SELECT * FROM `category`  [ RunTime:0.0002s ]
SQL: SELECT `aid`,`atitle`,`acontent`,`acid`,`cname`,`atime`,`aorder`,`name` FROM `article` left join category ON category.cid = article.acid left join user ON user.id = article.auid  WHERE ( aid=1 ) LIMIT 1   [ RunTime:0.0007s ]
SQL: SHOW COLUMNS FROM `reply` [ RunTime:0.0010s ]
SQL: SELECT COUNT(*) AS tp_count FROM `reply` WHERE ( rstatus=1 and raid=1 ) LIMIT 1   [ RunTime:0.0003s ]
SQL: SELECT * FROM `reply` WHERE ( rstatus=1 and raid=1 ) ORDER BY rtime desc LIMIT 0,5   [ RunTime:0.0003s ]
SQL: SHOW COLUMNS FROM `zan` [ RunTime:0.0011s ]
SQL: SELECT COUNT(*) AS tp_count FROM `zan` inner join article on article.aid = zan.zaid  WHERE ( aid=1 ) LIMIT 1   [ RunTime:0.0008s ]
INFO: [ view_parse ] --START--
INFO: [ template_filter ] --START--
INFO: Run Behavior\ContentReplaceBehavior [ RunTime:0.000038s ]
INFO: [ template_filter ] --END-- [ RunTime:0.000053s ]
INFO: Run Behavior\ParseTemplateBehavior [ RunTime:0.003710s ]
INFO: [ view_parse ] --END-- [ RunTime:0.003726s ]
INFO: [ view_filter ] --START--
INFO: Run Behavior\WriteHtmlCacheBehavior [ RunTime:0.000088s ]
INFO: [ view_filter ] --END-- [ RunTime:0.000098s ]
INFO: [ app_end ] --START--
INFO: Run Behavior\ShowPageTraceBehavior [ RunTime:0.000234s ]
INFO: [ app_end ] --END-- [ RunTime:0.000245s ]

[ 2016-08-19T23:57:14+08:00 ] 182.18.73.136 /
INFO: [ app_init ] --START--
INFO: Run Behavior\BuildLiteBehavior [ RunTime:0.000009s ]
INFO: [ app_init ] --END-- [ RunTime:0.000235s ]
INFO: [ app_begin ] --START--
INFO: Run Behavior\ReadHtmlCacheBehavior [ RunTime:0.000345s ]
INFO: [ app_begin ] --END-- [ RunTime:0.000370s ]
SQL: SHOW COLUMNS FROM `category` [ RunTime:0.0011s ]
SQL: SELECT * FROM `category` ORDER BY ctime desc  [ RunTime:0.0003s ]
SQL: SHOW COLUMNS FROM `article` [ RunTime:0.0011s ]
SQL: SELECT DISTINCT FROM_UNIXTIME(atime,'%m') as month,`aid` FROM `article` ORDER BY atime desc  [ RunTime:0.0003s ]
SQL: SELECT * FROM `article` ORDER BY atime desc LIMIT 0,10   [ RunTime:0.0004s ]
SQL: SELECT * FROM `article` ORDER BY atime desc LIMIT 0,10   [ RunTime:0.0003s ]
SQL: SELECT COUNT(*) AS tp_count FROM `article` LIMIT 1   [ RunTime:0.0003s ]
SQL: SELECT `name`,`aid`,`atitle`,`cname`,`cid`,`acontent`,count(zid) as zancount,`atime`,`acid` FROM `article` left join zan on aid = zaid left join user on id = auid left join category  on cid =acid  GROUP BY aid ORDER BY atime desc LIMIT 0,5   [ RunTime:0.0008s ]
SQL: SELECT * FROM `category`  [ RunTime:0.0003s ]
INFO: [ view_parse ] --START--
INFO: [ template_filter ] --START--
INFO: Run Behavior\ContentReplaceBehavior [ RunTime:0.000033s ]
INFO: [ template_filter ] --END-- [ RunTime:0.000047s ]
INFO: Run Behavior\ParseTemplateBehavior [ RunTime:0.003869s ]
INFO: [ view_parse ] --END-- [ RunTime:0.003884s ]
INFO: [ view_filter ] --START--
INFO: Run Behavior\WriteHtmlCacheBehavior [ RunTime:0.000089s ]
INFO: [ view_filter ] --END-- [ RunTime:0.000100s ]
INFO: [ app_end ] --START--
INFO: Run Behavior\ShowPageTraceBehavior [ RunTime:0.000241s ]
INFO: [ app_end ] --END-- [ RunTime:0.000254s ]

[ 2016-08-19T23:59:15+08:00 ] 182.18.73.136 /index.php/Home/Index/article/aid/1.html
INFO: [ app_init ] --START--
INFO: Run Behavior\BuildLiteBehavior [ RunTime:0.000010s ]
INFO: [ app_init ] --END-- [ RunTime:0.000252s ]
INFO: [ app_begin ] --START--
INFO: Run Behavior\ReadHtmlCacheBehavior [ RunTime:0.000402s ]
INFO: [ app_begin ] --END-- [ RunTime:0.000426s ]
SQL: SHOW COLUMNS FROM `category` [ RunTime:0.0006s ]
SQL: SELECT * FROM `category` ORDER BY ctime desc  [ RunTime:0.0002s ]
SQL: SHOW COLUMNS FROM `article` [ RunTime:0.0005s ]
SQL: SELECT DISTINCT FROM_UNIXTIME(atime,'%m') as month,`aid` FROM `article` ORDER BY atime desc  [ RunTime:0.0004s ]
SQL: SELECT * FROM `article` ORDER BY atime desc LIMIT 0,10   [ RunTime:0.0004s ]
SQL: SELECT * FROM `category`  [ RunTime:0.0002s ]
SQL: SELECT `aid`,`atitle`,`acontent`,`acid`,`cname`,`atime`,`aorder`,`name` FROM `article` left join category ON category.cid = article.acid left join user ON user.id = article.auid  WHERE ( aid=1 ) LIMIT 1   [ RunTime:0.0004s ]
SQL: SHOW COLUMNS FROM `reply` [ RunTime:0.0004s ]
SQL: SELECT COUNT(*) AS tp_count FROM `reply` WHERE ( rstatus=1 and raid=1 ) LIMIT 1   [ RunTime:0.0002s ]
SQL: SELECT * FROM `reply` WHERE ( rstatus=1 and raid=1 ) ORDER BY rtime desc LIMIT 0,5   [ RunTime:0.0002s ]
SQL: SHOW COLUMNS FROM `zan` [ RunTime:0.0004s ]
SQL: SELECT COUNT(*) AS tp_count FROM `zan` inner join article on article.aid = zan.zaid  WHERE ( aid=1 ) LIMIT 1   [ RunTime:0.0003s ]
INFO: [ view_parse ] --START--
INFO: [ template_filter ] --START--
INFO: Run Behavior\ContentReplaceBehavior [ RunTime:0.000044s ]
INFO: [ template_filter ] --END-- [ RunTime:0.000066s ]
INFO: Run Behavior\ParseTemplateBehavior [ RunTime:0.004856s ]
INFO: [ view_parse ] --END-- [ RunTime:0.004871s ]
INFO: [ view_filter ] --START--
INFO: Run Behavior\WriteHtmlCacheBehavior [ RunTime:0.000095s ]
INFO: [ view_filter ] --END-- [ RunTime:0.000105s ]
INFO: [ app_end ] --START--
INFO: Run Behavior\ShowPageTraceBehavior [ RunTime:0.000236s ]
INFO: [ app_end ] --END-- [ RunTime:0.000248s ]

[ 2016-08-19T23:59:35+08:00 ] 182.18.73.136 /index.php/Home/Index/article/aid/1.html
INFO: [ app_init ] --START--
INFO: Run Behavior\BuildLiteBehavior [ RunTime:0.000006s ]
INFO: [ app_init ] --END-- [ RunTime:0.000156s ]
INFO: [ app_begin ] --START--
INFO: Run Behavior\ReadHtmlCacheBehavior [ RunTime:0.000263s ]
INFO: [ app_begin ] --END-- [ RunTime:0.000283s ]
SQL: SHOW COLUMNS FROM `category` [ RunTime:0.0009s ]
SQL: SELECT * FROM `category` ORDER BY ctime desc  [ RunTime:0.0003s ]
SQL: SHOW COLUMNS FROM `article` [ RunTime:0.0007s ]
SQL: SELECT DISTINCT FROM_UNIXTIME(atime,'%m') as month,`aid` FROM `article` ORDER BY atime desc  [ RunTime:0.0003s ]
SQL: SELECT * FROM `article` ORDER BY atime desc LIMIT 0,10   [ RunTime:0.0003s ]
SQL: SELECT * FROM `category`  [ RunTime:0.0002s ]
SQL: SELECT `aid`,`atitle`,`acontent`,`acid`,`cname`,`atime`,`aorder`,`name` FROM `article` left join category ON category.cid = article.acid left join user ON user.id = article.auid  WHERE ( aid=1 ) LIMIT 1   [ RunTime:0.0003s ]
SQL: SHOW COLUMNS FROM `reply` [ RunTime:0.0007s ]
SQL: SELECT COUNT(*) AS tp_count FROM `reply` WHERE ( rstatus=1 and raid=1 ) LIMIT 1   [ RunTime:0.0003s ]
SQL: SELECT * FROM `reply` WHERE ( rstatus=1 and raid=1 ) ORDER BY rtime desc LIMIT 0,5   [ RunTime:0.0002s ]
SQL: SHOW COLUMNS FROM `zan` [ RunTime:0.0007s ]
SQL: SELECT COUNT(*) AS tp_count FROM `zan` inner join article on article.aid = zan.zaid  WHERE ( aid=1 ) LIMIT 1   [ RunTime:0.0002s ]
INFO: [ view_parse ] --START--
INFO: [ template_filter ] --START--
INFO: Run Behavior\ContentReplaceBehavior [ RunTime:0.000041s ]
INFO: [ template_filter ] --END-- [ RunTime:0.000059s ]
INFO: Run Behavior\ParseTemplateBehavior [ RunTime:0.003790s ]
INFO: [ view_parse ] --END-- [ RunTime:0.003805s ]
INFO: [ view_filter ] --START--
INFO: Run Behavior\WriteHtmlCacheBehavior [ RunTime:0.000088s ]
INFO: [ view_filter ] --END-- [ RunTime:0.000099s ]
INFO: [ app_end ] --START--
INFO: Run Behavior\ShowPageTraceBehavior [ RunTime:0.000225s ]
INFO: [ app_end ] --END-- [ RunTime:0.000237s ]

[ 2016-08-19T23:59:52+08:00 ] 182.18.73.136 /index.php/Home/Index
INFO: [ app_init ] --START--
INFO: Run Behavior\BuildLiteBehavior [ RunTime:0.000007s ]
INFO: [ app_init ] --END-- [ RunTime:0.000167s ]
INFO: [ app_begin ] --START--
INFO: Run Behavior\ReadHtmlCacheBehavior [ RunTime:0.000208s ]
INFO: [ app_begin ] --END-- [ RunTime:0.000224s ]
SQL: SHOW COLUMNS FROM `category` [ RunTime:0.0005s ]
SQL: SELECT * FROM `category` ORDER BY ctime desc  [ RunTime:0.0003s ]
SQL: SHOW COLUMNS FROM `article` [ RunTime:0.0004s ]
SQL: SELECT DISTINCT FROM_UNIXTIME(atime,'%m') as month,`aid` FROM `article` ORDER BY atime desc  [ RunTime:0.0002s ]
SQL: SELECT * FROM `article` ORDER BY atime desc LIMIT 0,10   [ RunTime:0.0003s ]
SQL: SELECT * FROM `article` ORDER BY atime desc LIMIT 0,10   [ RunTime:0.0003s ]
SQL: SELECT COUNT(*) AS tp_count FROM `article` LIMIT 1   [ RunTime:0.0002s ]
SQL: SELECT `name`,`aid`,`atitle`,`cname`,`cid`,`acontent`,count(zid) as zancount,`atime`,`acid` FROM `article` left join zan on aid = zaid left join user on id = auid left join category  on cid =acid  GROUP BY aid ORDER BY atime desc LIMIT 0,5   [ RunTime:0.0004s ]
SQL: SELECT * FROM `category`  [ RunTime:0.0002s ]
INFO: [ view_parse ] --START--
INFO: [ template_filter ] --START--
INFO: Run Behavior\ContentReplaceBehavior [ RunTime:0.000040s ]
INFO: [ template_filter ] --END-- [ RunTime:0.000064s ]
INFO: Run Behavior\ParseTemplateBehavior [ RunTime:0.004096s ]
INFO: [ view_parse ] --END-- [ RunTime:0.004111s ]
INFO: [ view_filter ] --START--
INFO: Run Behavior\WriteHtmlCacheBehavior [ RunTime:0.000097s ]
INFO: [ view_filter ] --END-- [ RunTime:0.000108s ]
INFO: [ app_end ] --START--
INFO: Run Behavior\ShowPageTraceBehavior [ RunTime:0.000251s ]
INFO: [ app_end ] --END-- [ RunTime:0.000263s ]

