[ 2016-08-24T05:59:23+08:00 ] 66.249.69.88 /blog/index.php/Home/Index
INFO: [ app_init ] --START--
INFO: Run Behavior\BuildLiteBehavior [ RunTime:0.000007s ]
INFO: [ app_init ] --END-- [ RunTime:0.008154s ]
INFO: [ app_begin ] --START--
INFO: Run Behavior\ReadHtmlCacheBehavior [ RunTime:0.008132s ]
INFO: [ app_begin ] --END-- [ RunTime:0.008155s ]
SQL: SHOW COLUMNS FROM `category` [ RunTime:0.0193s ]
SQL: SELECT * FROM `category` ORDER BY ctime desc  [ RunTime:0.0007s ]
SQL: SHOW COLUMNS FROM `article` [ RunTime:0.0087s ]
SQL: SELECT DISTINCT FROM_UNIXTIME(atime,'%m') as month,`aid` FROM `article` ORDER BY atime desc  [ RunTime:0.0019s ]
SQL: SELECT * FROM `article` ORDER BY atime desc LIMIT 0,10   [ RunTime:0.0010s ]
SQL: SELECT * FROM `article` ORDER BY atime desc LIMIT 0,10   [ RunTime:0.0007s ]
SQL: SELECT COUNT(*) AS tp_count FROM `article` LIMIT 1   [ RunTime:0.0008s ]
SQL: SELECT `name`,`aid`,`atitle`,`cname`,`cid`,`acontent`,count(zid) as zancount,`atime`,`acid` FROM `article` left join zan on aid = zaid left join user on id = auid left join category  on cid =acid  GROUP BY aid ORDER BY atime desc LIMIT 0,5   [ RunTime:0.0227s ]
SQL: SELECT * FROM `category`  [ RunTime:0.0007s ]
INFO: [ view_parse ] --START--
INFO: [ template_filter ] --START--
INFO: Run Behavior\ContentReplaceBehavior [ RunTime:0.000039s ]
INFO: [ template_filter ] --END-- [ RunTime:0.000059s ]
INFO: Run Behavior\ParseTemplateBehavior [ RunTime:0.102599s ]
INFO: [ view_parse ] --END-- [ RunTime:0.102633s ]
INFO: [ view_filter ] --START--
INFO: Run Behavior\WriteHtmlCacheBehavior [ RunTime:0.002492s ]
INFO: [ view_filter ] --END-- [ RunTime:0.002504s ]
INFO: [ app_end ] --START--
INFO: Run Behavior\ShowPageTraceBehavior [ RunTime:0.002264s ]
INFO: [ app_end ] --END-- [ RunTime:0.002278s ]

[ 2016-08-24T06:01:20+08:00 ] 66.249.69.92 /blog/index.php/Home/Index/category/cid/1.html
INFO: [ app_init ] --START--
INFO: Run Behavior\BuildLiteBehavior [ RunTime:0.000006s ]
INFO: [ app_init ] --END-- [ RunTime:0.000162s ]
INFO: [ app_begin ] --START--
INFO: Run Behavior\ReadHtmlCacheBehavior [ RunTime:0.000207s ]
INFO: [ app_begin ] --END-- [ RunTime:0.000224s ]
SQL: SHOW COLUMNS FROM `category` [ RunTime:0.0012s ]
SQL: SELECT * FROM `category` ORDER BY ctime desc  [ RunTime:0.0003s ]
SQL: SHOW COLUMNS FROM `article` [ RunTime:0.0010s ]
SQL: SELECT DISTINCT FROM_UNIXTIME(atime,'%m') as month,`aid` FROM `article` ORDER BY atime desc  [ RunTime:0.0003s ]
SQL: SELECT * FROM `article` ORDER BY atime desc LIMIT 0,10   [ RunTime:0.0005s ]
NOTIC: [8] Undefined index: month /home/u325084755/public_html/blog/Application/Home/Controller/IndexController.class.php 第 83 行.
SQL: SELECT COUNT(*) AS tp_count FROM `article` WHERE ( acid=1 ) ORDER BY atime desc LIMIT 1   [ RunTime:0.0007s ]
SQL: SELECT `name`,`aid`,`atitle`,`cname`,`cid`,`acontent`,count(zid) as zancount,`atime`,`acid` FROM `article` left join zan on aid = zaid left join user on id = auid left join category  on cid =acid  WHERE ( acid=1 ) GROUP BY aid ORDER BY atime desc LIMIT 0,5   [ RunTime:0.0019s ]
INFO: [ view_parse ] --START--
INFO: [ template_filter ] --START--
INFO: Run Behavior\ContentReplaceBehavior [ RunTime:0.000039s ]
INFO: [ template_filter ] --END-- [ RunTime:0.000054s ]
INFO: Run Behavior\ParseTemplateBehavior [ RunTime:0.004058s ]
INFO: [ view_parse ] --END-- [ RunTime:0.004073s ]
INFO: [ view_filter ] --START--
INFO: Run Behavior\WriteHtmlCacheBehavior [ RunTime:0.000090s ]
INFO: [ view_filter ] --END-- [ RunTime:0.000101s ]
INFO: [ app_end ] --START--
INFO: Run Behavior\ShowPageTraceBehavior [ RunTime:0.000236s ]
INFO: [ app_end ] --END-- [ RunTime:0.000248s ]

[ 2016-08-24T06:02:00+08:00 ] 66.249.69.92 /blog/index.php/Home/Index/article/aid/1.html
INFO: [ app_init ] --START--
INFO: Run Behavior\BuildLiteBehavior [ RunTime:0.000005s ]
INFO: [ app_init ] --END-- [ RunTime:0.000153s ]
INFO: [ app_begin ] --START--
INFO: Run Behavior\ReadHtmlCacheBehavior [ RunTime:0.000198s ]
INFO: [ app_begin ] --END-- [ RunTime:0.000214s ]
SQL: SHOW COLUMNS FROM `category` [ RunTime:0.0012s ]
SQL: SELECT * FROM `category` ORDER BY ctime desc  [ RunTime:0.0003s ]
SQL: SHOW COLUMNS FROM `article` [ RunTime:0.0009s ]
SQL: SELECT DISTINCT FROM_UNIXTIME(atime,'%m') as month,`aid` FROM `article` ORDER BY atime desc  [ RunTime:0.0003s ]
SQL: SELECT * FROM `article` ORDER BY atime desc LIMIT 0,10   [ RunTime:0.0008s ]
SQL: SELECT * FROM `category`  [ RunTime:0.0003s ]
SQL: SELECT `aid`,`atitle`,`acontent`,`acid`,`cname`,`atime`,`aorder`,`name` FROM `article` left join category ON category.cid = article.acid left join user ON user.id = article.auid  WHERE ( aid=1 ) LIMIT 1   [ RunTime:0.0007s ]
SQL: SHOW COLUMNS FROM `reply` [ RunTime:0.0184s ]
SQL: SELECT COUNT(*) AS tp_count FROM `reply` WHERE ( rstatus=1 and raid=1 ) LIMIT 1   [ RunTime:0.0003s ]
SQL: SELECT * FROM `reply` WHERE ( rstatus=1 and raid=1 ) ORDER BY rtime desc LIMIT 0,5   [ RunTime:0.0003s ]
SQL: SHOW COLUMNS FROM `zan` [ RunTime:0.0004s ]
SQL: SELECT COUNT(*) AS tp_count FROM `zan` inner join article on article.aid = zan.zaid  WHERE ( aid=1 ) LIMIT 1   [ RunTime:0.0003s ]
INFO: [ view_parse ] --START--
INFO: [ template_filter ] --START--
INFO: Run Behavior\ContentReplaceBehavior [ RunTime:0.000044s ]
INFO: [ template_filter ] --END-- [ RunTime:0.000069s ]
INFO: Run Behavior\ParseTemplateBehavior [ RunTime:0.041848s ]
INFO: [ view_parse ] --END-- [ RunTime:0.041871s ]
INFO: [ view_filter ] --START--
INFO: Run Behavior\WriteHtmlCacheBehavior [ RunTime:0.000106s ]
INFO: [ view_filter ] --END-- [ RunTime:0.000118s ]
INFO: [ app_end ] --START--
INFO: Run Behavior\ShowPageTraceBehavior [ RunTime:0.000267s ]
INFO: [ app_end ] --END-- [ RunTime:0.000280s ]

[ 2016-08-24T06:03:46+08:00 ] 66.249.69.92 /blog/index.php/Home/Index/article/aid/2.html
INFO: [ app_init ] --START--
INFO: Run Behavior\BuildLiteBehavior [ RunTime:0.000010s ]
INFO: [ app_init ] --END-- [ RunTime:0.000159s ]
INFO: [ app_begin ] --START--
INFO: Run Behavior\ReadHtmlCacheBehavior [ RunTime:0.000198s ]
INFO: [ app_begin ] --END-- [ RunTime:0.000213s ]
SQL: SHOW COLUMNS FROM `category` [ RunTime:0.0013s ]
SQL: SELECT * FROM `category` ORDER BY ctime desc  [ RunTime:0.0003s ]
SQL: SHOW COLUMNS FROM `article` [ RunTime:0.0010s ]
SQL: SELECT DISTINCT FROM_UNIXTIME(atime,'%m') as month,`aid` FROM `article` ORDER BY atime desc  [ RunTime:0.0003s ]
SQL: SELECT * FROM `article` ORDER BY atime desc LIMIT 0,10   [ RunTime:0.0008s ]
SQL: SELECT * FROM `category`  [ RunTime:0.0003s ]
SQL: SELECT `aid`,`atitle`,`acontent`,`acid`,`cname`,`atime`,`aorder`,`name` FROM `article` left join category ON category.cid = article.acid left join user ON user.id = article.auid  WHERE ( aid=2 ) LIMIT 1   [ RunTime:0.0017s ]
SQL: SHOW COLUMNS FROM `reply` [ RunTime:0.0011s ]
SQL: SELECT COUNT(*) AS tp_count FROM `reply` WHERE ( rstatus=1 and raid=2 ) LIMIT 1   [ RunTime:0.0006s ]
SQL: SELECT * FROM `reply` WHERE ( rstatus=1 and raid=2 ) ORDER BY rtime desc LIMIT 0,5   [ RunTime:0.0005s ]
SQL: SHOW COLUMNS FROM `zan` [ RunTime:0.0009s ]
SQL: SELECT COUNT(*) AS tp_count FROM `zan` inner join article on article.aid = zan.zaid  WHERE ( aid=2 ) LIMIT 1   [ RunTime:0.0006s ]
INFO: [ view_parse ] --START--
INFO: [ template_filter ] --START--
INFO: Run Behavior\ContentReplaceBehavior [ RunTime:0.000041s ]
INFO: [ template_filter ] --END-- [ RunTime:0.000057s ]
INFO: Run Behavior\ParseTemplateBehavior [ RunTime:0.003929s ]
INFO: [ view_parse ] --END-- [ RunTime:0.003944s ]
INFO: [ view_filter ] --START--
INFO: Run Behavior\WriteHtmlCacheBehavior [ RunTime:0.000089s ]
INFO: [ view_filter ] --END-- [ RunTime:0.000099s ]
INFO: [ app_end ] --START--
INFO: Run Behavior\ShowPageTraceBehavior [ RunTime:0.000237s ]
INFO: [ app_end ] --END-- [ RunTime:0.000251s ]

