[ 2016-08-25T02:24:32+08:00 ] 66.249.69.92 /blog/
INFO: [ app_init ] --START--
INFO: Run Behavior\BuildLiteBehavior [ RunTime:0.000009s ]
INFO: [ app_init ] --END-- [ RunTime:0.006752s ]
INFO: [ app_begin ] --START--
INFO: Run Behavior\ReadHtmlCacheBehavior [ RunTime:0.009050s ]
INFO: [ app_begin ] --END-- [ RunTime:0.009085s ]
SQL: SHOW COLUMNS FROM `category` [ RunTime:0.0120s ]
SQL: SELECT * FROM `category` ORDER BY ctime desc  [ RunTime:0.0005s ]
SQL: SHOW COLUMNS FROM `article` [ RunTime:0.0085s ]
SQL: SELECT DISTINCT FROM_UNIXTIME(atime,'%m') as month,`aid` FROM `article` ORDER BY atime desc  [ RunTime:0.0007s ]
SQL: SELECT * FROM `article` ORDER BY atime desc LIMIT 0,10   [ RunTime:0.0006s ]
SQL: SELECT * FROM `article` ORDER BY atime desc LIMIT 0,10   [ RunTime:0.0006s ]
SQL: SELECT COUNT(*) AS tp_count FROM `article` LIMIT 1   [ RunTime:0.0004s ]
SQL: SELECT `name`,`aid`,`atitle`,`cname`,`cid`,`acontent`,count(zid) as zancount,`atime`,`acid` FROM `article` left join zan on aid = zaid left join user on id = auid left join category  on cid =acid  GROUP BY aid ORDER BY atime desc LIMIT 0,5   [ RunTime:0.0210s ]
SQL: SELECT * FROM `category`  [ RunTime:0.0004s ]
INFO: [ view_parse ] --START--
INFO: [ template_filter ] --START--
INFO: Run Behavior\ContentReplaceBehavior [ RunTime:0.000039s ]
INFO: [ template_filter ] --END-- [ RunTime:0.000061s ]
INFO: Run Behavior\ParseTemplateBehavior [ RunTime:0.065952s ]
INFO: [ view_parse ] --END-- [ RunTime:0.065974s ]
INFO: [ view_filter ] --START--
INFO: Run Behavior\WriteHtmlCacheBehavior [ RunTime:0.017012s ]
INFO: [ view_filter ] --END-- [ RunTime:0.017033s ]
INFO: [ app_end ] --START--
INFO: Run Behavior\ShowPageTraceBehavior [ RunTime:0.000599s ]
INFO: [ app_end ] --END-- [ RunTime:0.000613s ]

[ 2016-08-25T12:48:07+08:00 ] 58.20.52.150 /blog/
INFO: [ app_init ] --START--
INFO: Run Behavior\BuildLiteBehavior [ RunTime:0.000012s ]
INFO: [ app_init ] --END-- [ RunTime:0.006059s ]
INFO: [ app_begin ] --START--
INFO: Run Behavior\ReadHtmlCacheBehavior [ RunTime:0.008856s ]
INFO: [ app_begin ] --END-- [ RunTime:0.008894s ]
SQL: SHOW COLUMNS FROM `category` [ RunTime:0.0089s ]
SQL: SELECT * FROM `category` ORDER BY ctime desc  [ RunTime:0.0005s ]
SQL: SHOW COLUMNS FROM `article` [ RunTime:0.0051s ]
SQL: SELECT DISTINCT FROM_UNIXTIME(atime,'%m') as month,`aid` FROM `article` ORDER BY atime desc  [ RunTime:0.0007s ]
SQL: SELECT * FROM `article` ORDER BY atime desc LIMIT 0,10   [ RunTime:0.0006s ]
SQL: SELECT * FROM `article` ORDER BY atime desc LIMIT 0,10   [ RunTime:0.0005s ]
SQL: SELECT COUNT(*) AS tp_count FROM `article` LIMIT 1   [ RunTime:0.0002s ]
SQL: SELECT `name`,`aid`,`atitle`,`cname`,`cid`,`acontent`,count(zid) as zancount,`atime`,`acid` FROM `article` left join zan on aid = zaid left join user on id = auid left join category  on cid =acid  GROUP BY aid ORDER BY atime desc LIMIT 0,5   [ RunTime:0.0154s ]
SQL: SELECT * FROM `category`  [ RunTime:0.0003s ]
INFO: [ view_parse ] --START--
INFO: [ template_filter ] --START--
INFO: Run Behavior\ContentReplaceBehavior [ RunTime:0.000040s ]
INFO: [ template_filter ] --END-- [ RunTime:0.000064s ]
INFO: Run Behavior\ParseTemplateBehavior [ RunTime:0.117831s ]
INFO: [ view_parse ] --END-- [ RunTime:0.117868s ]
INFO: [ view_filter ] --START--
INFO: Run Behavior\WriteHtmlCacheBehavior [ RunTime:0.014475s ]
INFO: [ view_filter ] --END-- [ RunTime:0.014507s ]
INFO: [ app_end ] --START--
INFO: Run Behavior\ShowPageTraceBehavior [ RunTime:0.002217s ]
INFO: [ app_end ] --END-- [ RunTime:0.002233s ]

